{"/home/mariana/Desktop/Labenu/projeto-fullstack/labeddit-backend/src/types.ts": {"path":"/home/mariana/Desktop/Labenu/projeto-fullstack/labeddit-backend/src/types.ts","statementMap":{"0":{"start":{"line":1,"column":0},"end":{"line":1,"column":null}},"1":{"start":{"line":2,"column":4},"end":{"line":2,"column":null}},"2":{"start":{"line":3,"column":4},"end":{"line":3,"column":null}},"3":{"start":{"line":88,"column":0},"end":{"line":88,"column":null}},"4":{"start":{"line":89,"column":4},"end":{"line":89,"column":null}},"5":{"start":{"line":90,"column":4},"end":{"line":90,"column":null}},"6":{"start":{"line":93,"column":0},"end":{"line":93,"column":null}},"7":{"start":{"line":94,"column":4},"end":{"line":94,"column":null}},"8":{"start":{"line":95,"column":4},"end":{"line":95,"column":null}}},"fnMap":{"0":{"name":"(anonymous_0)","decl":{"start":{"line":1,"column":0},"end":{"line":1,"column":12}},"loc":{"start":{"line":1,"column":22},"end":{"line":4,"column":1}}},"1":{"name":"(anonymous_1)","decl":{"start":{"line":88,"column":0},"end":{"line":88,"column":12}},"loc":{"start":{"line":88,"column":29},"end":{"line":91,"column":1}}},"2":{"name":"(anonymous_2)","decl":{"start":{"line":93,"column":0},"end":{"line":93,"column":12}},"loc":{"start":{"line":93,"column":30},"end":{"line":96,"column":1}}}},"branchMap":{"0":{"loc":{"start":{"line":1,"column":12},"end":{"line":1,"column":null}},"type":"binary-expr","locations":[{"start":{"line":1,"column":12},"end":{"line":1,"column":22}},{"start":{"line":1,"column":12},"end":{"line":1,"column":null}}]},"1":{"loc":{"start":{"line":88,"column":12},"end":{"line":88,"column":null}},"type":"binary-expr","locations":[{"start":{"line":88,"column":12},"end":{"line":88,"column":29}},{"start":{"line":88,"column":12},"end":{"line":88,"column":null}}]},"2":{"loc":{"start":{"line":93,"column":12},"end":{"line":93,"column":null}},"type":"binary-expr","locations":[{"start":{"line":93,"column":12},"end":{"line":93,"column":30}},{"start":{"line":93,"column":12},"end":{"line":93,"column":null}}]}},"s":{"0":3,"1":3,"2":3,"3":3,"4":3,"5":3,"6":3,"7":3,"8":3},"f":{"0":3,"1":3,"2":3},"b":{"0":[3,3],"1":[3,3],"2":[3,3]}}
,"/home/mariana/Desktop/Labenu/projeto-fullstack/labeddit-backend/src/business/PostBusiness.ts": {"path":"/home/mariana/Desktop/Labenu/projeto-fullstack/labeddit-backend/src/business/PostBusiness.ts","statementMap":{"0":{"start":{"line":4,"column":0},"end":{"line":4,"column":60}},"1":{"start":{"line":5,"column":0},"end":{"line":5,"column":56}},"2":{"start":{"line":6,"column":0},"end":{"line":6,"column":38}},"3":{"start":{"line":9,"column":0},"end":{"line":9,"column":89}},"4":{"start":{"line":13,"column":16},"end":{"line":13,"column":42}},"5":{"start":{"line":14,"column":16},"end":{"line":14,"column":40}},"6":{"start":{"line":15,"column":16},"end":{"line":15,"column":42}},"7":{"start":{"line":17,"column":11},"end":{"line":48,"column":null}},"8":{"start":{"line":17,"column":81},"end":{"line":48,"column":null}},"9":{"start":{"line":18,"column":26},"end":{"line":18,"column":31}},"10":{"start":{"line":20,"column":8},"end":{"line":22,"column":null}},"11":{"start":{"line":21,"column":12},"end":{"line":21,"column":null}},"12":{"start":{"line":23,"column":24},"end":{"line":23,"column":59}},"13":{"start":{"line":24,"column":8},"end":{"line":26,"column":null}},"14":{"start":{"line":25,"column":12},"end":{"line":25,"column":null}},"15":{"start":{"line":27,"column":57},"end":{"line":27,"column":103}},"16":{"start":{"line":29,"column":22},"end":{"line":44,"column":null}},"17":{"start":{"line":31,"column":29},"end":{"line":40,"column":null}},"18":{"start":{"line":43,"column":16},"end":{"line":43,"column":null}},"19":{"start":{"line":46,"column":41},"end":{"line":46,"column":46}},"20":{"start":{"line":47,"column":8},"end":{"line":47,"column":null}},"21":{"start":{"line":50,"column":11},"end":{"line":81,"column":null}},"22":{"start":{"line":50,"column":89},"end":{"line":81,"column":null}},"23":{"start":{"line":51,"column":34},"end":{"line":51,"column":39}},"24":{"start":{"line":53,"column":8},"end":{"line":55,"column":null}},"25":{"start":{"line":54,"column":12},"end":{"line":54,"column":null}},"26":{"start":{"line":56,"column":24},"end":{"line":56,"column":59}},"27":{"start":{"line":57,"column":8},"end":{"line":59,"column":null}},"28":{"start":{"line":58,"column":12},"end":{"line":58,"column":null}},"29":{"start":{"line":60,"column":57},"end":{"line":60,"column":113}},"30":{"start":{"line":62,"column":22},"end":{"line":77,"column":null}},"31":{"start":{"line":64,"column":29},"end":{"line":73,"column":null}},"32":{"start":{"line":76,"column":16},"end":{"line":76,"column":null}},"33":{"start":{"line":79,"column":41},"end":{"line":79,"column":46}},"34":{"start":{"line":80,"column":8},"end":{"line":80,"column":null}},"35":{"start":{"line":83,"column":11},"end":{"line":119,"column":null}},"36":{"start":{"line":83,"column":60},"end":{"line":119,"column":null}},"37":{"start":{"line":84,"column":33},"end":{"line":84,"column":38}},"38":{"start":{"line":86,"column":8},"end":{"line":88,"column":null}},"39":{"start":{"line":87,"column":12},"end":{"line":87,"column":null}},"40":{"start":{"line":89,"column":24},"end":{"line":89,"column":59}},"41":{"start":{"line":90,"column":8},"end":{"line":92,"column":null}},"42":{"start":{"line":91,"column":12},"end":{"line":91,"column":null}},"43":{"start":{"line":94,"column":8},"end":{"line":96,"column":null}},"44":{"start":{"line":95,"column":12},"end":{"line":95,"column":null}},"45":{"start":{"line":98,"column":19},"end":{"line":98,"column":46}},"46":{"start":{"line":99,"column":26},"end":{"line":99,"column":36}},"47":{"start":{"line":100,"column":26},"end":{"line":100,"column":50}},"48":{"start":{"line":101,"column":26},"end":{"line":101,"column":50}},"49":{"start":{"line":102,"column":28},"end":{"line":102,"column":40}},"50":{"start":{"line":104,"column":21},"end":{"line":113,"column":null}},"51":{"start":{"line":116,"column":23},"end":{"line":116,"column":39}},"52":{"start":{"line":118,"column":8},"end":{"line":118,"column":null}},"53":{"start":{"line":121,"column":11},"end":{"line":192,"column":null}},"54":{"start":{"line":121,"column":85},"end":{"line":192,"column":null}},"55":{"start":{"line":122,"column":49},"end":{"line":122,"column":54}},"56":{"start":{"line":124,"column":8},"end":{"line":126,"column":null}},"57":{"start":{"line":125,"column":12},"end":{"line":125,"column":null}},"58":{"start":{"line":127,"column":24},"end":{"line":127,"column":59}},"59":{"start":{"line":128,"column":8},"end":{"line":130,"column":null}},"60":{"start":{"line":129,"column":12},"end":{"line":129,"column":null}},"61":{"start":{"line":132,"column":8},"end":{"line":134,"column":null}},"62":{"start":{"line":133,"column":12},"end":{"line":133,"column":null}},"63":{"start":{"line":136,"column":34},"end":{"line":136,"column":100}},"64":{"start":{"line":138,"column":8},"end":{"line":140,"column":null}},"65":{"start":{"line":139,"column":12},"end":{"line":139,"column":null}},"66":{"start":{"line":142,"column":23},"end":{"line":142,"column":33}},"67":{"start":{"line":143,"column":30},"end":{"line":143,"column":42}},"68":{"start":{"line":145,"column":49},"end":{"line":149,"column":null}},"69":{"start":{"line":151,"column":34},"end":{"line":151,"column":90}},"70":{"start":{"line":153,"column":21},"end":{"line":162,"column":null}},"71":{"start":{"line":165,"column":8},"end":{"line":186,"column":null}},"72":{"start":{"line":166,"column":12},"end":{"line":173,"column":null}},"73":{"start":{"line":167,"column":16},"end":{"line":167,"column":null}},"74":{"start":{"line":168,"column":16},"end":{"line":168,"column":null}},"75":{"start":{"line":170,"column":16},"end":{"line":170,"column":null}},"76":{"start":{"line":171,"column":16},"end":{"line":171,"column":null}},"77":{"start":{"line":172,"column":16},"end":{"line":172,"column":null}},"78":{"start":{"line":174,"column":15},"end":{"line":186,"column":null}},"79":{"start":{"line":175,"column":12},"end":{"line":182,"column":null}},"80":{"start":{"line":176,"column":16},"end":{"line":176,"column":null}},"81":{"start":{"line":177,"column":16},"end":{"line":177,"column":null}},"82":{"start":{"line":178,"column":16},"end":{"line":178,"column":null}},"83":{"start":{"line":180,"column":16},"end":{"line":180,"column":null}},"84":{"start":{"line":181,"column":16},"end":{"line":181,"column":null}},"85":{"start":{"line":184,"column":12},"end":{"line":184,"column":null}},"86":{"start":{"line":185,"column":12},"end":{"line":185,"column":null}},"87":{"start":{"line":188,"column":28},"end":{"line":188,"column":44}},"88":{"start":{"line":190,"column":8},"end":{"line":190,"column":null}},"89":{"start":{"line":11,"column":0},"end":{"line":11,"column":13}}},"fnMap":{"0":{"name":"(anonymous_7)","decl":{"start":{"line":12,"column":4},"end":{"line":12,"column":null}},"loc":{"start":{"line":15,"column":42},"end":{"line":16,"column":7}}},"1":{"name":"(anonymous_8)","decl":{"start":{"line":17,"column":21},"end":{"line":17,"column":28}},"loc":{"start":{"line":17,"column":81},"end":{"line":48,"column":null}}},"2":{"name":"(anonymous_9)","decl":{"start":{"line":17,"column":81},"end":{"line":17,"column":null}},"loc":{"start":{"line":17,"column":81},"end":{"line":48,"column":5}}},"3":{"name":"(anonymous_10)","decl":{"start":{"line":30,"column":12},"end":{"line":30,"column":13}},"loc":{"start":{"line":30,"column":34},"end":{"line":44,"column":13}}},"4":{"name":"(anonymous_11)","decl":{"start":{"line":50,"column":25},"end":{"line":50,"column":32}},"loc":{"start":{"line":50,"column":89},"end":{"line":81,"column":null}}},"5":{"name":"(anonymous_12)","decl":{"start":{"line":50,"column":89},"end":{"line":50,"column":null}},"loc":{"start":{"line":50,"column":89},"end":{"line":81,"column":5}}},"6":{"name":"(anonymous_13)","decl":{"start":{"line":63,"column":12},"end":{"line":63,"column":13}},"loc":{"start":{"line":63,"column":34},"end":{"line":77,"column":13}}},"7":{"name":"(anonymous_14)","decl":{"start":{"line":83,"column":24},"end":{"line":83,"column":31}},"loc":{"start":{"line":83,"column":60},"end":{"line":119,"column":null}}},"8":{"name":"(anonymous_15)","decl":{"start":{"line":83,"column":60},"end":{"line":83,"column":null}},"loc":{"start":{"line":83,"column":60},"end":{"line":119,"column":5}}},"9":{"name":"(anonymous_16)","decl":{"start":{"line":121,"column":31},"end":{"line":121,"column":38}},"loc":{"start":{"line":121,"column":85},"end":{"line":192,"column":null}}},"10":{"name":"(anonymous_17)","decl":{"start":{"line":121,"column":85},"end":{"line":121,"column":null}},"loc":{"start":{"line":121,"column":85},"end":{"line":192,"column":5}}}},"branchMap":{"0":{"loc":{"start":{"line":20,"column":8},"end":{"line":22,"column":null}},"type":"if","locations":[{"start":{"line":20,"column":8},"end":{"line":22,"column":null}}]},"1":{"loc":{"start":{"line":24,"column":8},"end":{"line":26,"column":null}},"type":"if","locations":[{"start":{"line":24,"column":8},"end":{"line":26,"column":null}}]},"2":{"loc":{"start":{"line":53,"column":8},"end":{"line":55,"column":null}},"type":"if","locations":[{"start":{"line":53,"column":8},"end":{"line":55,"column":null}}]},"3":{"loc":{"start":{"line":57,"column":8},"end":{"line":59,"column":null}},"type":"if","locations":[{"start":{"line":57,"column":8},"end":{"line":59,"column":null}}]},"4":{"loc":{"start":{"line":86,"column":8},"end":{"line":88,"column":null}},"type":"if","locations":[{"start":{"line":86,"column":8},"end":{"line":88,"column":null}}]},"5":{"loc":{"start":{"line":90,"column":8},"end":{"line":92,"column":null}},"type":"if","locations":[{"start":{"line":90,"column":8},"end":{"line":92,"column":null}}]},"6":{"loc":{"start":{"line":94,"column":8},"end":{"line":96,"column":null}},"type":"if","locations":[{"start":{"line":94,"column":8},"end":{"line":96,"column":null}}]},"7":{"loc":{"start":{"line":124,"column":8},"end":{"line":126,"column":null}},"type":"if","locations":[{"start":{"line":124,"column":8},"end":{"line":126,"column":null}}]},"8":{"loc":{"start":{"line":128,"column":8},"end":{"line":130,"column":null}},"type":"if","locations":[{"start":{"line":128,"column":8},"end":{"line":130,"column":null}}]},"9":{"loc":{"start":{"line":132,"column":8},"end":{"line":134,"column":null}},"type":"if","locations":[{"start":{"line":132,"column":8},"end":{"line":134,"column":null}}]},"10":{"loc":{"start":{"line":138,"column":8},"end":{"line":140,"column":null}},"type":"if","locations":[{"start":{"line":138,"column":8},"end":{"line":140,"column":null}}]},"11":{"loc":{"start":{"line":143,"column":30},"end":{"line":143,"column":42}},"type":"cond-expr","locations":[{"start":{"line":143,"column":37},"end":{"line":143,"column":38}},{"start":{"line":143,"column":41},"end":{"line":143,"column":42}}]},"12":{"loc":{"start":{"line":165,"column":8},"end":{"line":186,"column":null}},"type":"if","locations":[{"start":{"line":165,"column":8},"end":{"line":186,"column":null}},{"start":{"line":174,"column":15},"end":{"line":186,"column":null}}]},"13":{"loc":{"start":{"line":166,"column":12},"end":{"line":173,"column":null}},"type":"if","locations":[{"start":{"line":166,"column":12},"end":{"line":173,"column":null}},{"start":{"line":169,"column":19},"end":{"line":173,"column":null}}]},"14":{"loc":{"start":{"line":174,"column":15},"end":{"line":186,"column":null}},"type":"if","locations":[{"start":{"line":174,"column":15},"end":{"line":186,"column":null}},{"start":{"line":183,"column":15},"end":{"line":186,"column":null}}]},"15":{"loc":{"start":{"line":175,"column":12},"end":{"line":182,"column":null}},"type":"if","locations":[{"start":{"line":175,"column":12},"end":{"line":182,"column":null}},{"start":{"line":179,"column":19},"end":{"line":182,"column":null}}]},"16":{"loc":{"start":{"line":185,"column":12},"end":{"line":185,"column":53}},"type":"cond-expr","locations":[{"start":{"line":185,"column":19},"end":{"line":185,"column":33}},{"start":{"line":185,"column":36},"end":{"line":185,"column":53}}]}},"s":{"0":1,"1":1,"2":1,"3":1,"4":1,"5":1,"6":1,"7":1,"8":1,"9":1,"10":1,"11":0,"12":1,"13":1,"14":0,"15":1,"16":1,"17":1,"18":1,"19":1,"20":1,"21":1,"22":0,"23":0,"24":0,"25":0,"26":0,"27":0,"28":0,"29":0,"30":0,"31":0,"32":0,"33":0,"34":0,"35":1,"36":0,"37":0,"38":0,"39":0,"40":0,"41":0,"42":0,"43":0,"44":0,"45":0,"46":0,"47":0,"48":0,"49":0,"50":0,"51":0,"52":0,"53":1,"54":0,"55":0,"56":0,"57":0,"58":0,"59":0,"60":0,"61":0,"62":0,"63":0,"64":0,"65":0,"66":0,"67":0,"68":0,"69":0,"70":0,"71":0,"72":0,"73":0,"74":0,"75":0,"76":0,"77":0,"78":0,"79":0,"80":0,"81":0,"82":0,"83":0,"84":0,"85":0,"86":0,"87":0,"88":0,"89":1},"f":{"0":1,"1":1,"2":1,"3":1,"4":0,"5":0,"6":0,"7":0,"8":0,"9":0,"10":0},"b":{"0":[0],"1":[0],"2":[0],"3":[0],"4":[0],"5":[0],"6":[0],"7":[0],"8":[0],"9":[0],"10":[0],"11":[0,0],"12":[0,0],"13":[0,0],"14":[0,0],"15":[0,0],"16":[0,0]}}
,"/home/mariana/Desktop/Labenu/projeto-fullstack/labeddit-backend/src/business/UserBusiness.ts": {"path":"/home/mariana/Desktop/Labenu/projeto-fullstack/labeddit-backend/src/business/UserBusiness.ts","statementMap":{"0":{"start":{"line":3,"column":0},"end":{"line":3,"column":60}},"1":{"start":{"line":4,"column":0},"end":{"line":4,"column":56}},"2":{"start":{"line":5,"column":0},"end":{"line":5,"column":38}},"3":{"start":{"line":9,"column":0},"end":{"line":9,"column":60}},"4":{"start":{"line":13,"column":16},"end":{"line":13,"column":42}},"5":{"start":{"line":14,"column":16},"end":{"line":14,"column":40}},"6":{"start":{"line":15,"column":16},"end":{"line":15,"column":42}},"7":{"start":{"line":16,"column":16},"end":{"line":16,"column":40}},"8":{"start":{"line":19,"column":11},"end":{"line":60,"column":null}},"9":{"start":{"line":19,"column":78},"end":{"line":60,"column":null}},"10":{"start":{"line":20,"column":40},"end":{"line":20,"column":45}},"11":{"start":{"line":22,"column":8},"end":{"line":24,"column":null}},"12":{"start":{"line":23,"column":12},"end":{"line":23,"column":null}},"13":{"start":{"line":25,"column":8},"end":{"line":27,"column":null}},"14":{"start":{"line":26,"column":12},"end":{"line":26,"column":null}},"15":{"start":{"line":28,"column":8},"end":{"line":30,"column":null}},"16":{"start":{"line":29,"column":12},"end":{"line":29,"column":null}},"17":{"start":{"line":32,"column":31},"end":{"line":32,"column":68}},"18":{"start":{"line":34,"column":24},"end":{"line":40,"column":null}},"19":{"start":{"line":43,"column":23},"end":{"line":43,"column":42}},"20":{"start":{"line":45,"column":8},"end":{"line":45,"column":null}},"21":{"start":{"line":47,"column":8},"end":{"line":47,"column":null}},"22":{"start":{"line":49,"column":38},"end":{"line":53,"column":null}},"23":{"start":{"line":54,"column":22},"end":{"line":54,"column":60}},"24":{"start":{"line":55,"column":40},"end":{"line":57,"column":null}},"25":{"start":{"line":59,"column":8},"end":{"line":59,"column":null}},"26":{"start":{"line":62,"column":11},"end":{"line":105,"column":null}},"27":{"start":{"line":62,"column":50},"end":{"line":105,"column":null}},"28":{"start":{"line":63,"column":36},"end":{"line":63,"column":41}},"29":{"start":{"line":65,"column":8},"end":{"line":67,"column":null}},"30":{"start":{"line":66,"column":12},"end":{"line":66,"column":null}},"31":{"start":{"line":68,"column":8},"end":{"line":70,"column":null}},"32":{"start":{"line":69,"column":12},"end":{"line":69,"column":null}},"33":{"start":{"line":72,"column":47},"end":{"line":72,"column":89}},"34":{"start":{"line":74,"column":8},"end":{"line":76,"column":null}},"35":{"start":{"line":75,"column":12},"end":{"line":75,"column":null}},"36":{"start":{"line":78,"column":21},"end":{"line":84,"column":null}},"37":{"start":{"line":87,"column":31},"end":{"line":87,"column":91}},"38":{"start":{"line":89,"column":8},"end":{"line":91,"column":null}},"39":{"start":{"line":90,"column":12},"end":{"line":90,"column":null}},"40":{"start":{"line":93,"column":38},"end":{"line":97,"column":null}},"41":{"start":{"line":98,"column":22},"end":{"line":98,"column":60}},"42":{"start":{"line":100,"column":39},"end":{"line":102,"column":null}},"43":{"start":{"line":104,"column":8},"end":{"line":104,"column":null}},"44":{"start":{"line":11,"column":0},"end":{"line":11,"column":13}}},"fnMap":{"0":{"name":"(anonymous_7)","decl":{"start":{"line":12,"column":4},"end":{"line":12,"column":null}},"loc":{"start":{"line":16,"column":40},"end":{"line":17,"column":8}}},"1":{"name":"(anonymous_8)","decl":{"start":{"line":19,"column":20},"end":{"line":19,"column":27}},"loc":{"start":{"line":19,"column":78},"end":{"line":60,"column":null}}},"2":{"name":"(anonymous_9)","decl":{"start":{"line":19,"column":78},"end":{"line":19,"column":null}},"loc":{"start":{"line":19,"column":78},"end":{"line":60,"column":5}}},"3":{"name":"(anonymous_10)","decl":{"start":{"line":62,"column":19},"end":{"line":62,"column":26}},"loc":{"start":{"line":62,"column":50},"end":{"line":105,"column":null}}},"4":{"name":"(anonymous_11)","decl":{"start":{"line":62,"column":50},"end":{"line":62,"column":null}},"loc":{"start":{"line":62,"column":50},"end":{"line":105,"column":5}}}},"branchMap":{"0":{"loc":{"start":{"line":22,"column":8},"end":{"line":24,"column":null}},"type":"if","locations":[{"start":{"line":22,"column":8},"end":{"line":24,"column":null}}]},"1":{"loc":{"start":{"line":25,"column":8},"end":{"line":27,"column":null}},"type":"if","locations":[{"start":{"line":25,"column":8},"end":{"line":27,"column":null}}]},"2":{"loc":{"start":{"line":28,"column":8},"end":{"line":30,"column":null}},"type":"if","locations":[{"start":{"line":28,"column":8},"end":{"line":30,"column":null}}]},"3":{"loc":{"start":{"line":65,"column":8},"end":{"line":67,"column":null}},"type":"if","locations":[{"start":{"line":65,"column":8},"end":{"line":67,"column":null}}]},"4":{"loc":{"start":{"line":68,"column":8},"end":{"line":70,"column":null}},"type":"if","locations":[{"start":{"line":68,"column":8},"end":{"line":70,"column":null}}]},"5":{"loc":{"start":{"line":74,"column":8},"end":{"line":76,"column":null}},"type":"if","locations":[{"start":{"line":74,"column":8},"end":{"line":76,"column":null}}]},"6":{"loc":{"start":{"line":89,"column":8},"end":{"line":91,"column":null}},"type":"if","locations":[{"start":{"line":89,"column":8},"end":{"line":91,"column":null}}]}},"s":{"0":2,"1":2,"2":2,"3":2,"4":2,"5":2,"6":2,"7":2,"8":2,"9":1,"10":1,"11":1,"12":0,"13":1,"14":0,"15":1,"16":0,"17":1,"18":1,"19":1,"20":1,"21":1,"22":1,"23":1,"24":1,"25":1,"26":2,"27":2,"28":2,"29":2,"30":0,"31":2,"32":0,"33":2,"34":2,"35":0,"36":2,"37":2,"38":2,"39":0,"40":2,"41":2,"42":2,"43":2,"44":2},"f":{"0":2,"1":1,"2":1,"3":2,"4":2},"b":{"0":[0],"1":[0],"2":[0],"3":[0],"4":[0],"5":[0],"6":[0]}}
,"/home/mariana/Desktop/Labenu/projeto-fullstack/labeddit-backend/src/database/BaseDatabase.ts": {"path":"/home/mariana/Desktop/Labenu/projeto-fullstack/labeddit-backend/src/database/BaseDatabase.ts","statementMap":{"0":{"start":{"line":1,"column":0},"end":{"line":1,"column":27}},"1":{"start":{"line":2,"column":0},"end":{"line":2,"column":27}},"2":{"start":{"line":4,"column":0},"end":{"line":4,"column":null}},"3":{"start":{"line":6,"column":0},"end":{"line":6,"column":22}},"4":{"start":{"line":7,"column":21},"end":{"line":20,"column":null}},"5":{"start":{"line":17,"column":16},"end":{"line":17,"column":null}}},"fnMap":{"0":{"name":"(anonymous_1)","decl":{"start":{"line":16,"column":25},"end":{"line":16,"column":26}},"loc":{"start":{"line":16,"column":48},"end":{"line":18,"column":13}}}},"branchMap":{},"s":{"0":3,"1":3,"2":3,"3":3,"4":3,"5":0},"f":{"0":0},"b":{}}
,"/home/mariana/Desktop/Labenu/projeto-fullstack/labeddit-backend/src/errors/BadRequestError.ts": {"path":"/home/mariana/Desktop/Labenu/projeto-fullstack/labeddit-backend/src/errors/BadRequestError.ts","statementMap":{"0":{"start":{"line":1,"column":0},"end":{"line":1,"column":40}},"1":{"start":{"line":7,"column":8},"end":{"line":7,"column":null}},"2":{"start":{"line":3,"column":0},"end":{"line":3,"column":13}}},"fnMap":{"0":{"name":"(anonymous_0)","decl":{"start":{"line":4,"column":4},"end":{"line":4,"column":null}},"loc":{"start":{"line":5,"column":47},"end":{"line":8,"column":5}}}},"branchMap":{"0":{"loc":{"start":{"line":5,"column":8},"end":{"line":5,"column":47}},"type":"default-arg","locations":[{"start":{"line":5,"column":26},"end":{"line":5,"column":47}}]}},"s":{"0":3,"1":0,"2":3},"f":{"0":0},"b":{"0":[0]}}
,"/home/mariana/Desktop/Labenu/projeto-fullstack/labeddit-backend/src/errors/BaseError.ts": {"path":"/home/mariana/Desktop/Labenu/projeto-fullstack/labeddit-backend/src/errors/BaseError.ts","statementMap":{"0":{"start":{"line":6,"column":8},"end":{"line":6,"column":null}},"1":{"start":{"line":3,"column":15},"end":{"line":3,"column":33}},"2":{"start":{"line":1,"column":0},"end":{"line":1,"column":22}}},"fnMap":{"0":{"name":"(anonymous_0)","decl":{"start":{"line":2,"column":4},"end":{"line":2,"column":null}},"loc":{"start":{"line":4,"column":23},"end":{"line":7,"column":5}}}},"branchMap":{},"s":{"0":0,"1":0,"2":3},"f":{"0":0},"b":{}}
,"/home/mariana/Desktop/Labenu/projeto-fullstack/labeddit-backend/src/errors/NotFoundError.ts": {"path":"/home/mariana/Desktop/Labenu/projeto-fullstack/labeddit-backend/src/errors/NotFoundError.ts","statementMap":{"0":{"start":{"line":1,"column":0},"end":{"line":1,"column":40}},"1":{"start":{"line":7,"column":8},"end":{"line":7,"column":null}},"2":{"start":{"line":3,"column":0},"end":{"line":3,"column":13}}},"fnMap":{"0":{"name":"(anonymous_0)","decl":{"start":{"line":4,"column":4},"end":{"line":4,"column":null}},"loc":{"start":{"line":5,"column":50},"end":{"line":8,"column":5}}}},"branchMap":{"0":{"loc":{"start":{"line":5,"column":8},"end":{"line":5,"column":50}},"type":"default-arg","locations":[{"start":{"line":5,"column":26},"end":{"line":5,"column":50}}]}},"s":{"0":3,"1":0,"2":3},"f":{"0":0},"b":{"0":[0]}}
,"/home/mariana/Desktop/Labenu/projeto-fullstack/labeddit-backend/src/models/Post.ts": {"path":"/home/mariana/Desktop/Labenu/projeto-fullstack/labeddit-backend/src/models/Post.ts","statementMap":{"0":{"start":{"line":6,"column":16},"end":{"line":6,"column":26}},"1":{"start":{"line":7,"column":16},"end":{"line":7,"column":33}},"2":{"start":{"line":8,"column":16},"end":{"line":8,"column":31}},"3":{"start":{"line":9,"column":16},"end":{"line":9,"column":29}},"4":{"start":{"line":10,"column":16},"end":{"line":10,"column":32}},"5":{"start":{"line":11,"column":16},"end":{"line":11,"column":31}},"6":{"start":{"line":12,"column":16},"end":{"line":12,"column":33}},"7":{"start":{"line":13,"column":16},"end":{"line":13,"column":33}},"8":{"start":{"line":14,"column":16},"end":{"line":14,"column":35}},"9":{"start":{"line":17,"column":8},"end":{"line":17,"column":23}},"10":{"start":{"line":20,"column":8},"end":{"line":20,"column":24}},"11":{"start":{"line":23,"column":8},"end":{"line":23,"column":30}},"12":{"start":{"line":26,"column":8},"end":{"line":26,"column":31}},"13":{"start":{"line":29,"column":8},"end":{"line":29,"column":28}},"14":{"start":{"line":32,"column":8},"end":{"line":32,"column":29}},"15":{"start":{"line":35,"column":8},"end":{"line":35,"column":26}},"16":{"start":{"line":38,"column":8},"end":{"line":38,"column":27}},"17":{"start":{"line":41,"column":8},"end":{"line":41,"column":null}},"18":{"start":{"line":44,"column":8},"end":{"line":44,"column":null}},"19":{"start":{"line":47,"column":8},"end":{"line":47,"column":29}},"20":{"start":{"line":50,"column":8},"end":{"line":50,"column":30}},"21":{"start":{"line":53,"column":8},"end":{"line":53,"column":null}},"22":{"start":{"line":56,"column":8},"end":{"line":56,"column":null}},"23":{"start":{"line":59,"column":8},"end":{"line":59,"column":30}},"24":{"start":{"line":62,"column":8},"end":{"line":62,"column":28}},"25":{"start":{"line":65,"column":8},"end":{"line":65,"column":29}},"26":{"start":{"line":68,"column":8},"end":{"line":68,"column":null}},"27":{"start":{"line":71,"column":8},"end":{"line":71,"column":31}},"28":{"start":{"line":74,"column":8},"end":{"line":74,"column":30}},"29":{"start":{"line":77,"column":8},"end":{"line":77,"column":31}},"30":{"start":{"line":80,"column":8},"end":{"line":80,"column":32}},"31":{"start":{"line":83,"column":8},"end":{"line":83,"column":33}},"32":{"start":{"line":87,"column":8},"end":{"line":99,"column":null}},"33":{"start":{"line":103,"column":8},"end":{"line":112,"column":null}},"34":{"start":{"line":3,"column":0},"end":{"line":3,"column":13}}},"fnMap":{"0":{"name":"(anonymous_0)","decl":{"start":{"line":5,"column":4},"end":{"line":5,"column":null}},"loc":{"start":{"line":14,"column":35},"end":{"line":15,"column":7}}},"1":{"name":"(anonymous_1)","decl":{"start":{"line":16,"column":11},"end":{"line":16,"column":16}},"loc":{"start":{"line":16,"column":16},"end":{"line":18,"column":5}}},"2":{"name":"(anonymous_2)","decl":{"start":{"line":19,"column":11},"end":{"line":19,"column":16}},"loc":{"start":{"line":19,"column":30},"end":{"line":21,"column":5}}},"3":{"name":"(anonymous_3)","decl":{"start":{"line":22,"column":11},"end":{"line":22,"column":23}},"loc":{"start":{"line":22,"column":23},"end":{"line":24,"column":5}}},"4":{"name":"(anonymous_4)","decl":{"start":{"line":25,"column":11},"end":{"line":25,"column":23}},"loc":{"start":{"line":25,"column":37},"end":{"line":27,"column":5}}},"5":{"name":"(anonymous_5)","decl":{"start":{"line":28,"column":11},"end":{"line":28,"column":21}},"loc":{"start":{"line":28,"column":21},"end":{"line":30,"column":5}}},"6":{"name":"(anonymous_6)","decl":{"start":{"line":31,"column":11},"end":{"line":31,"column":21}},"loc":{"start":{"line":31,"column":35},"end":{"line":33,"column":5}}},"7":{"name":"(anonymous_7)","decl":{"start":{"line":34,"column":11},"end":{"line":34,"column":19}},"loc":{"start":{"line":34,"column":19},"end":{"line":36,"column":5}}},"8":{"name":"(anonymous_8)","decl":{"start":{"line":37,"column":11},"end":{"line":37,"column":19}},"loc":{"start":{"line":37,"column":33},"end":{"line":39,"column":5}}},"9":{"name":"(anonymous_9)","decl":{"start":{"line":40,"column":11},"end":{"line":40,"column":18}},"loc":{"start":{"line":40,"column":18},"end":{"line":42,"column":5}}},"10":{"name":"(anonymous_10)","decl":{"start":{"line":43,"column":11},"end":{"line":43,"column":21}},"loc":{"start":{"line":43,"column":21},"end":{"line":45,"column":5}}},"11":{"name":"(anonymous_11)","decl":{"start":{"line":46,"column":11},"end":{"line":46,"column":22}},"loc":{"start":{"line":46,"column":22},"end":{"line":48,"column":5}}},"12":{"name":"(anonymous_12)","decl":{"start":{"line":49,"column":11},"end":{"line":49,"column":22}},"loc":{"start":{"line":49,"column":36},"end":{"line":51,"column":5}}},"13":{"name":"(anonymous_13)","decl":{"start":{"line":52,"column":11},"end":{"line":52,"column":21}},"loc":{"start":{"line":52,"column":21},"end":{"line":54,"column":5}}},"14":{"name":"(anonymous_14)","decl":{"start":{"line":55,"column":11},"end":{"line":55,"column":24}},"loc":{"start":{"line":55,"column":24},"end":{"line":57,"column":5}}},"15":{"name":"(anonymous_15)","decl":{"start":{"line":58,"column":11},"end":{"line":58,"column":23}},"loc":{"start":{"line":58,"column":23},"end":{"line":60,"column":5}}},"16":{"name":"(anonymous_16)","decl":{"start":{"line":61,"column":11},"end":{"line":61,"column":21}},"loc":{"start":{"line":61,"column":21},"end":{"line":63,"column":5}}},"17":{"name":"(anonymous_17)","decl":{"start":{"line":64,"column":11},"end":{"line":64,"column":21}},"loc":{"start":{"line":64,"column":35},"end":{"line":66,"column":5}}},"18":{"name":"(anonymous_18)","decl":{"start":{"line":67,"column":11},"end":{"line":67,"column":21}},"loc":{"start":{"line":67,"column":21},"end":{"line":69,"column":5}}},"19":{"name":"(anonymous_19)","decl":{"start":{"line":70,"column":11},"end":{"line":70,"column":23}},"loc":{"start":{"line":70,"column":37},"end":{"line":72,"column":5}}},"20":{"name":"(anonymous_20)","decl":{"start":{"line":73,"column":11},"end":{"line":73,"column":23}},"loc":{"start":{"line":73,"column":23},"end":{"line":75,"column":5}}},"21":{"name":"(anonymous_21)","decl":{"start":{"line":76,"column":11},"end":{"line":76,"column":23}},"loc":{"start":{"line":76,"column":37},"end":{"line":78,"column":5}}},"22":{"name":"(anonymous_22)","decl":{"start":{"line":79,"column":11},"end":{"line":79,"column":25}},"loc":{"start":{"line":79,"column":25},"end":{"line":81,"column":5}}},"23":{"name":"(anonymous_23)","decl":{"start":{"line":82,"column":11},"end":{"line":82,"column":25}},"loc":{"start":{"line":82,"column":39},"end":{"line":84,"column":5}}},"24":{"name":"(anonymous_24)","decl":{"start":{"line":86,"column":11},"end":{"line":86,"column":26}},"loc":{"start":{"line":86,"column":26},"end":{"line":100,"column":5}}},"25":{"name":"(anonymous_25)","decl":{"start":{"line":102,"column":11},"end":{"line":102,"column":20}},"loc":{"start":{"line":102,"column":20},"end":{"line":113,"column":5}}}},"branchMap":{},"s":{"0":1,"1":1,"2":1,"3":1,"4":1,"5":1,"6":1,"7":1,"8":1,"9":0,"10":0,"11":0,"12":0,"13":0,"14":0,"15":0,"16":0,"17":0,"18":0,"19":0,"20":0,"21":0,"22":0,"23":0,"24":0,"25":0,"26":0,"27":0,"28":0,"29":0,"30":0,"31":0,"32":1,"33":0,"34":1},"f":{"0":1,"1":0,"2":0,"3":0,"4":0,"5":0,"6":0,"7":0,"8":0,"9":0,"10":0,"11":0,"12":0,"13":0,"14":0,"15":0,"16":0,"17":0,"18":0,"19":0,"20":0,"21":0,"22":0,"23":0,"24":1,"25":0},"b":{}}
,"/home/mariana/Desktop/Labenu/projeto-fullstack/labeddit-backend/src/models/User.ts": {"path":"/home/mariana/Desktop/Labenu/projeto-fullstack/labeddit-backend/src/models/User.ts","statementMap":{"0":{"start":{"line":6,"column":16},"end":{"line":6,"column":26}},"1":{"start":{"line":7,"column":16},"end":{"line":7,"column":28}},"2":{"start":{"line":8,"column":16},"end":{"line":8,"column":29}},"3":{"start":{"line":9,"column":16},"end":{"line":9,"column":32}},"4":{"start":{"line":10,"column":16},"end":{"line":10,"column":32}},"5":{"start":{"line":11,"column":16},"end":{"line":11,"column":33}},"6":{"start":{"line":15,"column":8},"end":{"line":15,"column":23}},"7":{"start":{"line":18,"column":8},"end":{"line":18,"column":24}},"8":{"start":{"line":21,"column":8},"end":{"line":21,"column":25}},"9":{"start":{"line":24,"column":8},"end":{"line":24,"column":26}},"10":{"start":{"line":27,"column":8},"end":{"line":27,"column":26}},"11":{"start":{"line":30,"column":8},"end":{"line":30,"column":27}},"12":{"start":{"line":33,"column":8},"end":{"line":33,"column":29}},"13":{"start":{"line":36,"column":8},"end":{"line":36,"column":30}},"14":{"start":{"line":39,"column":8},"end":{"line":39,"column":25}},"15":{"start":{"line":42,"column":8},"end":{"line":42,"column":26}},"16":{"start":{"line":45,"column":8},"end":{"line":45,"column":30}},"17":{"start":{"line":48,"column":8},"end":{"line":48,"column":31}},"18":{"start":{"line":51,"column":8},"end":{"line":58,"column":null}},"19":{"start":{"line":3,"column":0},"end":{"line":3,"column":13}}},"fnMap":{"0":{"name":"(anonymous_0)","decl":{"start":{"line":5,"column":4},"end":{"line":5,"column":null}},"loc":{"start":{"line":11,"column":33},"end":{"line":12,"column":7}}},"1":{"name":"(anonymous_1)","decl":{"start":{"line":14,"column":11},"end":{"line":14,"column":16}},"loc":{"start":{"line":14,"column":16},"end":{"line":16,"column":5}}},"2":{"name":"(anonymous_2)","decl":{"start":{"line":17,"column":11},"end":{"line":17,"column":16}},"loc":{"start":{"line":17,"column":30},"end":{"line":19,"column":5}}},"3":{"name":"(anonymous_3)","decl":{"start":{"line":20,"column":11},"end":{"line":20,"column":18}},"loc":{"start":{"line":20,"column":18},"end":{"line":22,"column":5}}},"4":{"name":"(anonymous_4)","decl":{"start":{"line":23,"column":11},"end":{"line":23,"column":18}},"loc":{"start":{"line":23,"column":32},"end":{"line":25,"column":5}}},"5":{"name":"(anonymous_5)","decl":{"start":{"line":26,"column":11},"end":{"line":26,"column":19}},"loc":{"start":{"line":26,"column":19},"end":{"line":28,"column":5}}},"6":{"name":"(anonymous_6)","decl":{"start":{"line":29,"column":11},"end":{"line":29,"column":19}},"loc":{"start":{"line":29,"column":33},"end":{"line":31,"column":5}}},"7":{"name":"(anonymous_7)","decl":{"start":{"line":32,"column":11},"end":{"line":32,"column":22}},"loc":{"start":{"line":32,"column":22},"end":{"line":34,"column":5}}},"8":{"name":"(anonymous_8)","decl":{"start":{"line":35,"column":11},"end":{"line":35,"column":22}},"loc":{"start":{"line":35,"column":36},"end":{"line":37,"column":5}}},"9":{"name":"(anonymous_9)","decl":{"start":{"line":38,"column":11},"end":{"line":38,"column":18}},"loc":{"start":{"line":38,"column":18},"end":{"line":40,"column":5}}},"10":{"name":"(anonymous_10)","decl":{"start":{"line":41,"column":11},"end":{"line":41,"column":18}},"loc":{"start":{"line":41,"column":36},"end":{"line":43,"column":5}}},"11":{"name":"(anonymous_11)","decl":{"start":{"line":44,"column":11},"end":{"line":44,"column":23}},"loc":{"start":{"line":44,"column":23},"end":{"line":46,"column":5}}},"12":{"name":"(anonymous_12)","decl":{"start":{"line":47,"column":11},"end":{"line":47,"column":23}},"loc":{"start":{"line":47,"column":37},"end":{"line":49,"column":5}}},"13":{"name":"(anonymous_13)","decl":{"start":{"line":50,"column":11},"end":{"line":50,"column":20}},"loc":{"start":{"line":50,"column":20},"end":{"line":59,"column":5}}}},"branchMap":{},"s":{"0":3,"1":3,"2":3,"3":3,"4":3,"5":3,"6":3,"7":0,"8":3,"9":0,"10":0,"11":0,"12":2,"13":0,"14":3,"15":0,"16":0,"17":0,"18":1,"19":2},"f":{"0":3,"1":3,"2":0,"3":3,"4":0,"5":0,"6":0,"7":2,"8":0,"9":3,"10":0,"11":0,"12":0,"13":1},"b":{}}
,"/home/mariana/Desktop/Labenu/projeto-fullstack/labeddit-backend/tests/Mocks/HashManagerMock.ts": {"path":"/home/mariana/Desktop/Labenu/projeto-fullstack/labeddit-backend/tests/Mocks/HashManagerMock.ts","statementMap":{"0":{"start":{"line":2,"column":11},"end":{"line":8,"column":null}},"1":{"start":{"line":2,"column":63},"end":{"line":8,"column":null}},"2":{"start":{"line":3,"column":8},"end":{"line":5,"column":null}},"3":{"start":{"line":4,"column":12},"end":{"line":4,"column":null}},"4":{"start":{"line":7,"column":8},"end":{"line":7,"column":null}},"5":{"start":{"line":10,"column":11},"end":{"line":15,"column":null}},"6":{"start":{"line":10,"column":81},"end":{"line":15,"column":null}},"7":{"start":{"line":11,"column":8},"end":{"line":13,"column":null}},"8":{"start":{"line":12,"column":12},"end":{"line":12,"column":null}},"9":{"start":{"line":14,"column":8},"end":{"line":14,"column":null}},"10":{"start":{"line":1,"column":0},"end":{"line":1,"column":13}}},"fnMap":{"0":{"name":"(anonymous_7)","decl":{"start":{"line":1,"column":0},"end":{"line":1,"column":13}},"loc":{"start":{"line":1,"column":0},"end":{"line":16,"column":1}}},"1":{"name":"(anonymous_8)","decl":{"start":{"line":2,"column":18},"end":{"line":2,"column":25}},"loc":{"start":{"line":2,"column":63},"end":{"line":8,"column":null}}},"2":{"name":"(anonymous_9)","decl":{"start":{"line":2,"column":63},"end":{"line":2,"column":null}},"loc":{"start":{"line":2,"column":63},"end":{"line":8,"column":5}}},"3":{"name":"(anonymous_10)","decl":{"start":{"line":10,"column":21},"end":{"line":10,"column":28}},"loc":{"start":{"line":10,"column":81},"end":{"line":15,"column":null}}},"4":{"name":"(anonymous_11)","decl":{"start":{"line":10,"column":81},"end":{"line":10,"column":null}},"loc":{"start":{"line":10,"column":81},"end":{"line":15,"column":5}}}},"branchMap":{"0":{"loc":{"start":{"line":3,"column":8},"end":{"line":5,"column":null}},"type":"if","locations":[{"start":{"line":3,"column":8},"end":{"line":5,"column":null}}]},"1":{"loc":{"start":{"line":11,"column":8},"end":{"line":13,"column":null}},"type":"if","locations":[{"start":{"line":11,"column":8},"end":{"line":13,"column":null}}]},"2":{"loc":{"start":{"line":11,"column":11},"end":{"line":11,"column":61}},"type":"binary-expr","locations":[{"start":{"line":11,"column":11},"end":{"line":11,"column":34}},{"start":{"line":11,"column":38},"end":{"line":11,"column":61}}]}},"s":{"0":2,"1":1,"2":1,"3":0,"4":1,"5":2,"6":2,"7":2,"8":2,"9":0,"10":2},"f":{"0":2,"1":1,"2":1,"3":2,"4":2},"b":{"0":[0],"1":[2],"2":[2,2]}}
,"/home/mariana/Desktop/Labenu/projeto-fullstack/labeddit-backend/tests/Mocks/IdGeneratorMock.ts": {"path":"/home/mariana/Desktop/Labenu/projeto-fullstack/labeddit-backend/tests/Mocks/IdGeneratorMock.ts","statementMap":{"0":{"start":{"line":2,"column":11},"end":{"line":4,"column":null}},"1":{"start":{"line":3,"column":8},"end":{"line":3,"column":null}},"2":{"start":{"line":1,"column":0},"end":{"line":1,"column":13}}},"fnMap":{"0":{"name":"(anonymous_0)","decl":{"start":{"line":1,"column":0},"end":{"line":1,"column":13}},"loc":{"start":{"line":1,"column":0},"end":{"line":5,"column":1}}},"1":{"name":"(anonymous_1)","decl":{"start":{"line":2,"column":22},"end":{"line":2,"column":33}},"loc":{"start":{"line":2,"column":35},"end":{"line":4,"column":5}}}},"branchMap":{},"s":{"0":3,"1":1,"2":3},"f":{"0":3,"1":1},"b":{}}
,"/home/mariana/Desktop/Labenu/projeto-fullstack/labeddit-backend/tests/Mocks/PostDatabaseMock.ts": {"path":"/home/mariana/Desktop/Labenu/projeto-fullstack/labeddit-backend/tests/Mocks/PostDatabaseMock.ts","statementMap":{"0":{"start":{"line":1,"column":0},"end":{"line":1,"column":62}},"1":{"start":{"line":2,"column":0},"end":{"line":2,"column":95}},"2":{"start":{"line":4,"column":28},"end":{"line":15,"column":null}},"3":{"start":{"line":17,"column":49},"end":{"line":29,"column":null}},"4":{"start":{"line":31,"column":34},"end":{"line":35,"column":null}},"5":{"start":{"line":37,"column":37},"end":{"line":41,"column":null}},"6":{"start":{"line":49,"column":11},"end":{"line":51,"column":null}},"7":{"start":{"line":49,"column":75},"end":{"line":51,"column":null}},"8":{"start":{"line":50,"column":8},"end":{"line":50,"column":null}},"9":{"start":{"line":53,"column":11},"end":{"line":55,"column":null}},"10":{"start":{"line":53,"column":60},"end":{"line":55,"column":null}},"11":{"start":{"line":57,"column":11},"end":{"line":61,"column":null}},"12":{"start":{"line":57,"column":72},"end":{"line":61,"column":null}},"13":{"start":{"line":58,"column":8},"end":{"line":60,"column":null}},"14":{"start":{"line":59,"column":12},"end":{"line":59,"column":null}},"15":{"start":{"line":59,"column":44},"end":{"line":59,"column":58}},"16":{"start":{"line":63,"column":11},"end":{"line":67,"column":null}},"17":{"start":{"line":63,"column":102},"end":{"line":67,"column":null}},"18":{"start":{"line":64,"column":8},"end":{"line":66,"column":null}},"19":{"start":{"line":65,"column":12},"end":{"line":65,"column":null}},"20":{"start":{"line":65,"column":54},"end":{"line":65,"column":72}},"21":{"start":{"line":69,"column":11},"end":{"line":78,"column":null}},"22":{"start":{"line":70,"column":47},"end":{"line":78,"column":null}},"23":{"start":{"line":71,"column":12},"end":{"line":77,"column":null}},"24":{"start":{"line":72,"column":16},"end":{"line":72,"column":null}},"25":{"start":{"line":73,"column":19},"end":{"line":77,"column":null}},"26":{"start":{"line":74,"column":16},"end":{"line":74,"column":null}},"27":{"start":{"line":76,"column":16},"end":{"line":76,"column":null}},"28":{"start":{"line":80,"column":11},"end":{"line":82,"column":null}},"29":{"start":{"line":80,"column":91},"end":{"line":82,"column":null}},"30":{"start":{"line":84,"column":11},"end":{"line":86,"column":null}},"31":{"start":{"line":84,"column":91},"end":{"line":86,"column":null}},"32":{"start":{"line":88,"column":11},"end":{"line":90,"column":null}},"33":{"start":{"line":88,"column":87},"end":{"line":90,"column":null}},"34":{"start":{"line":92,"column":11},"end":{"line":94,"column":null}},"35":{"start":{"line":92,"column":78},"end":{"line":94,"column":null}},"36":{"start":{"line":96,"column":11},"end":{"line":98,"column":null}},"37":{"start":{"line":96,"column":93},"end":{"line":98,"column":null}},"38":{"start":{"line":97,"column":8},"end":{"line":97,"column":null}},"39":{"start":{"line":97,"column":50},"end":{"line":97,"column":68}},"40":{"start":{"line":44,"column":0},"end":{"line":44,"column":13}},"41":{"start":{"line":45,"column":18},"end":{"line":45,"column":null}},"42":{"start":{"line":46,"column":18},"end":{"line":46,"column":null}},"43":{"start":{"line":47,"column":18},"end":{"line":47,"column":null}}},"fnMap":{"0":{"name":"(anonymous_7)","decl":{"start":{"line":44,"column":0},"end":{"line":44,"column":13}},"loc":{"start":{"line":44,"column":0},"end":{"line":99,"column":1}}},"1":{"name":"(anonymous_8)","decl":{"start":{"line":49,"column":34},"end":{"line":49,"column":73}},"loc":{"start":{"line":49,"column":75},"end":{"line":51,"column":null}}},"2":{"name":"(anonymous_9)","decl":{"start":{"line":49,"column":75},"end":{"line":49,"column":null}},"loc":{"start":{"line":49,"column":75},"end":{"line":51,"column":5}}},"3":{"name":"(anonymous_10)","decl":{"start":{"line":53,"column":20},"end":{"line":53,"column":27}},"loc":{"start":{"line":53,"column":60},"end":{"line":55,"column":null}}},"4":{"name":"(anonymous_11)","decl":{"start":{"line":53,"column":60},"end":{"line":53,"column":null}},"loc":{"start":{"line":53,"column":60},"end":{"line":55,"column":5}}},"5":{"name":"(anonymous_12)","decl":{"start":{"line":57,"column":22},"end":{"line":57,"column":29}},"loc":{"start":{"line":57,"column":72},"end":{"line":61,"column":null}}},"6":{"name":"(anonymous_13)","decl":{"start":{"line":57,"column":72},"end":{"line":57,"column":null}},"loc":{"start":{"line":57,"column":72},"end":{"line":61,"column":5}}},"7":{"name":"(anonymous_14)","decl":{"start":{"line":59,"column":36},"end":{"line":59,"column":40}},"loc":{"start":{"line":59,"column":44},"end":{"line":59,"column":58}}},"8":{"name":"(anonymous_15)","decl":{"start":{"line":63,"column":37},"end":{"line":63,"column":44}},"loc":{"start":{"line":63,"column":102},"end":{"line":67,"column":null}}},"9":{"name":"(anonymous_16)","decl":{"start":{"line":63,"column":102},"end":{"line":63,"column":null}},"loc":{"start":{"line":63,"column":102},"end":{"line":67,"column":5}}},"10":{"name":"(anonymous_17)","decl":{"start":{"line":65,"column":46},"end":{"line":65,"column":50}},"loc":{"start":{"line":65,"column":54},"end":{"line":65,"column":72}}},"11":{"name":"(anonymous_18)","decl":{"start":{"line":69,"column":29},"end":{"line":69,"column":36}},"loc":{"start":{"line":70,"column":47},"end":{"line":78,"column":null}}},"12":{"name":"(anonymous_19)","decl":{"start":{"line":70,"column":47},"end":{"line":70,"column":null}},"loc":{"start":{"line":70,"column":47},"end":{"line":78,"column":5}}},"13":{"name":"(anonymous_20)","decl":{"start":{"line":80,"column":33},"end":{"line":80,"column":40}},"loc":{"start":{"line":80,"column":91},"end":{"line":82,"column":null}}},"14":{"name":"(anonymous_21)","decl":{"start":{"line":80,"column":91},"end":{"line":80,"column":null}},"loc":{"start":{"line":80,"column":91},"end":{"line":82,"column":5}}},"15":{"name":"(anonymous_22)","decl":{"start":{"line":84,"column":33},"end":{"line":84,"column":40}},"loc":{"start":{"line":84,"column":91},"end":{"line":86,"column":null}}},"16":{"name":"(anonymous_23)","decl":{"start":{"line":84,"column":91},"end":{"line":84,"column":null}},"loc":{"start":{"line":84,"column":91},"end":{"line":86,"column":5}}},"17":{"name":"(anonymous_24)","decl":{"start":{"line":88,"column":31},"end":{"line":88,"column":38}},"loc":{"start":{"line":88,"column":87},"end":{"line":90,"column":null}}},"18":{"name":"(anonymous_25)","decl":{"start":{"line":88,"column":87},"end":{"line":88,"column":null}},"loc":{"start":{"line":88,"column":87},"end":{"line":90,"column":5}}},"19":{"name":"(anonymous_26)","decl":{"start":{"line":92,"column":20},"end":{"line":92,"column":27}},"loc":{"start":{"line":92,"column":78},"end":{"line":94,"column":null}}},"20":{"name":"(anonymous_27)","decl":{"start":{"line":92,"column":78},"end":{"line":92,"column":null}},"loc":{"start":{"line":92,"column":78},"end":{"line":94,"column":5}}},"21":{"name":"(anonymous_28)","decl":{"start":{"line":96,"column":38},"end":{"line":96,"column":45}},"loc":{"start":{"line":96,"column":93},"end":{"line":98,"column":null}}},"22":{"name":"(anonymous_29)","decl":{"start":{"line":96,"column":93},"end":{"line":96,"column":null}},"loc":{"start":{"line":96,"column":93},"end":{"line":98,"column":5}}},"23":{"name":"(anonymous_30)","decl":{"start":{"line":97,"column":42},"end":{"line":97,"column":46}},"loc":{"start":{"line":97,"column":50},"end":{"line":97,"column":68}}}},"branchMap":{"0":{"loc":{"start":{"line":58,"column":8},"end":{"line":60,"column":null}},"type":"if","locations":[{"start":{"line":58,"column":8},"end":{"line":60,"column":null}}]},"1":{"loc":{"start":{"line":64,"column":8},"end":{"line":66,"column":null}},"type":"if","locations":[{"start":{"line":64,"column":8},"end":{"line":66,"column":null}}]},"2":{"loc":{"start":{"line":71,"column":12},"end":{"line":77,"column":null}},"type":"if","locations":[{"start":{"line":71,"column":12},"end":{"line":77,"column":null}},{"start":{"line":73,"column":19},"end":{"line":77,"column":null}}]},"3":{"loc":{"start":{"line":73,"column":19},"end":{"line":77,"column":null}},"type":"if","locations":[{"start":{"line":73,"column":19},"end":{"line":77,"column":null}},{"start":{"line":75,"column":19},"end":{"line":77,"column":null}}]}},"s":{"0":1,"1":1,"2":1,"3":1,"4":1,"5":1,"6":1,"7":1,"8":1,"9":1,"10":0,"11":1,"12":0,"13":0,"14":0,"15":0,"16":1,"17":0,"18":0,"19":0,"20":0,"21":1,"22":0,"23":0,"24":0,"25":0,"26":0,"27":0,"28":1,"29":0,"30":1,"31":0,"32":1,"33":0,"34":1,"35":0,"36":1,"37":0,"38":0,"39":0,"40":1,"41":1,"42":1,"43":1},"f":{"0":1,"1":1,"2":1,"3":0,"4":0,"5":0,"6":0,"7":0,"8":0,"9":0,"10":0,"11":0,"12":0,"13":0,"14":0,"15":0,"16":0,"17":0,"18":0,"19":0,"20":0,"21":0,"22":0,"23":0},"b":{"0":[0],"1":[0],"2":[0,0],"3":[0,0]}}
,"/home/mariana/Desktop/Labenu/projeto-fullstack/labeddit-backend/tests/Mocks/TokenManagerMock.ts": {"path":"/home/mariana/Desktop/Labenu/projeto-fullstack/labeddit-backend/tests/Mocks/TokenManagerMock.ts","statementMap":{"0":{"start":{"line":1,"column":0},"end":{"line":1,"column":58}},"1":{"start":{"line":5,"column":11},"end":{"line":11,"column":null}},"2":{"start":{"line":6,"column":8},"end":{"line":10,"column":null}},"3":{"start":{"line":7,"column":12},"end":{"line":7,"column":null}},"4":{"start":{"line":9,"column":8},"end":{"line":9,"column":null}},"5":{"start":{"line":13,"column":11},"end":{"line":29,"column":null}},"6":{"start":{"line":14,"column":8},"end":{"line":28,"column":null}},"7":{"start":{"line":15,"column":12},"end":{"line":19,"column":null}},"8":{"start":{"line":20,"column":15},"end":{"line":28,"column":null}},"9":{"start":{"line":21,"column":12},"end":{"line":25,"column":null}},"10":{"start":{"line":27,"column":12},"end":{"line":27,"column":null}},"11":{"start":{"line":3,"column":0},"end":{"line":3,"column":13}}},"fnMap":{"0":{"name":"(anonymous_0)","decl":{"start":{"line":3,"column":0},"end":{"line":3,"column":13}},"loc":{"start":{"line":3,"column":0},"end":{"line":30,"column":1}}},"1":{"name":"(anonymous_1)","decl":{"start":{"line":5,"column":25},"end":{"line":5,"column":26}},"loc":{"start":{"line":5,"column":59},"end":{"line":11,"column":5}}},"2":{"name":"(anonymous_2)","decl":{"start":{"line":13,"column":24},"end":{"line":13,"column":25}},"loc":{"start":{"line":13,"column":63},"end":{"line":29,"column":5}}}},"branchMap":{"0":{"loc":{"start":{"line":6,"column":8},"end":{"line":10,"column":null}},"type":"if","locations":[{"start":{"line":6,"column":8},"end":{"line":10,"column":null}},{"start":{"line":8,"column":15},"end":{"line":10,"column":null}}]},"1":{"loc":{"start":{"line":14,"column":8},"end":{"line":28,"column":null}},"type":"if","locations":[{"start":{"line":14,"column":8},"end":{"line":28,"column":null}},{"start":{"line":20,"column":15},"end":{"line":28,"column":null}}]},"2":{"loc":{"start":{"line":20,"column":15},"end":{"line":28,"column":null}},"type":"if","locations":[{"start":{"line":20,"column":15},"end":{"line":28,"column":null}},{"start":{"line":26,"column":15},"end":{"line":28,"column":null}}]}},"s":{"0":3,"1":3,"2":3,"3":2,"4":1,"5":3,"6":1,"7":1,"8":0,"9":0,"10":0,"11":3},"f":{"0":3,"1":3,"2":1},"b":{"0":[2,1],"1":[1,0],"2":[0,0]}}
,"/home/mariana/Desktop/Labenu/projeto-fullstack/labeddit-backend/tests/Mocks/UserDatabaseMock.ts": {"path":"/home/mariana/Desktop/Labenu/projeto-fullstack/labeddit-backend/tests/Mocks/UserDatabaseMock.ts","statementMap":{"0":{"start":{"line":1,"column":0},"end":{"line":1,"column":62}},"1":{"start":{"line":2,"column":0},"end":{"line":2,"column":52}},"2":{"start":{"line":7,"column":11},"end":{"line":9,"column":null}},"3":{"start":{"line":7,"column":63},"end":{"line":9,"column":null}},"4":{"start":{"line":11,"column":11},"end":{"line":36,"column":null}},"5":{"start":{"line":11,"column":78},"end":{"line":36,"column":null}},"6":{"start":{"line":12,"column":8},"end":{"line":35,"column":null}},"7":{"start":{"line":14,"column":16},"end":{"line":22,"column":null}},"8":{"start":{"line":24,"column":16},"end":{"line":32,"column":null}},"9":{"start":{"line":34,"column":16},"end":{"line":34,"column":null}},"10":{"start":{"line":4,"column":0},"end":{"line":4,"column":13}},"11":{"start":{"line":5,"column":18},"end":{"line":5,"column":null}}},"fnMap":{"0":{"name":"(anonymous_7)","decl":{"start":{"line":4,"column":0},"end":{"line":4,"column":13}},"loc":{"start":{"line":4,"column":0},"end":{"line":38,"column":1}}},"1":{"name":"(anonymous_8)","decl":{"start":{"line":7,"column":20},"end":{"line":7,"column":27}},"loc":{"start":{"line":7,"column":63},"end":{"line":9,"column":null}}},"2":{"name":"(anonymous_9)","decl":{"start":{"line":7,"column":63},"end":{"line":7,"column":null}},"loc":{"start":{"line":7,"column":63},"end":{"line":9,"column":5}}},"3":{"name":"(anonymous_10)","decl":{"start":{"line":11,"column":25},"end":{"line":11,"column":32}},"loc":{"start":{"line":11,"column":78},"end":{"line":36,"column":null}}},"4":{"name":"(anonymous_11)","decl":{"start":{"line":11,"column":78},"end":{"line":11,"column":null}},"loc":{"start":{"line":11,"column":78},"end":{"line":36,"column":5}}}},"branchMap":{"0":{"loc":{"start":{"line":12,"column":8},"end":{"line":35,"column":null}},"type":"switch","locations":[{"start":{"line":13,"column":12},"end":{"line":22,"column":null}},{"start":{"line":23,"column":12},"end":{"line":32,"column":null}},{"start":{"line":33,"column":12},"end":{"line":34,"column":null}}]}},"s":{"0":2,"1":2,"2":2,"3":1,"4":2,"5":2,"6":2,"7":1,"8":1,"9":0,"10":2,"11":2},"f":{"0":2,"1":1,"2":1,"3":2,"4":2},"b":{"0":[1,1,0]}}
}
