TN:
SF:src/types.ts
FN:1,(anonymous_0)
FN:88,(anonymous_1)
FN:93,(anonymous_2)
FNF:3
FNH:3
FNDA:3,(anonymous_0)
FNDA:3,(anonymous_1)
FNDA:3,(anonymous_2)
DA:1,3
DA:2,3
DA:3,3
DA:88,3
DA:89,3
DA:90,3
DA:93,3
DA:94,3
DA:95,3
LF:9
LH:9
BRDA:1,0,0,3
BRDA:1,0,1,3
BRDA:88,1,0,3
BRDA:88,1,1,3
BRDA:93,2,0,3
BRDA:93,2,1,3
BRF:6
BRH:6
end_of_record
TN:
SF:src/business/PostBusiness.ts
FN:12,(anonymous_7)
FN:17,(anonymous_8)
FN:17,(anonymous_9)
FN:30,(anonymous_10)
FN:50,(anonymous_11)
FN:50,(anonymous_12)
FN:63,(anonymous_13)
FN:83,(anonymous_14)
FN:83,(anonymous_15)
FN:121,(anonymous_16)
FN:121,(anonymous_17)
FNF:11
FNH:4
FNDA:1,(anonymous_7)
FNDA:1,(anonymous_8)
FNDA:1,(anonymous_9)
FNDA:1,(anonymous_10)
FNDA:0,(anonymous_11)
FNDA:0,(anonymous_12)
FNDA:0,(anonymous_13)
FNDA:0,(anonymous_14)
FNDA:0,(anonymous_15)
FNDA:0,(anonymous_16)
FNDA:0,(anonymous_17)
DA:4,1
DA:5,1
DA:6,1
DA:9,1
DA:11,1
DA:13,1
DA:14,1
DA:15,1
DA:17,1
DA:18,1
DA:20,1
DA:21,0
DA:23,1
DA:24,1
DA:25,0
DA:27,1
DA:29,1
DA:31,1
DA:43,1
DA:46,1
DA:47,1
DA:50,1
DA:51,0
DA:53,0
DA:54,0
DA:56,0
DA:57,0
DA:58,0
DA:60,0
DA:62,0
DA:64,0
DA:76,0
DA:79,0
DA:80,0
DA:83,1
DA:84,0
DA:86,0
DA:87,0
DA:89,0
DA:90,0
DA:91,0
DA:94,0
DA:95,0
DA:98,0
DA:99,0
DA:100,0
DA:101,0
DA:102,0
DA:104,0
DA:116,0
DA:118,0
DA:121,1
DA:122,0
DA:124,0
DA:125,0
DA:127,0
DA:128,0
DA:129,0
DA:132,0
DA:133,0
DA:136,0
DA:138,0
DA:139,0
DA:142,0
DA:143,0
DA:145,0
DA:151,0
DA:153,0
DA:165,0
DA:166,0
DA:167,0
DA:168,0
DA:170,0
DA:171,0
DA:172,0
DA:174,0
DA:175,0
DA:176,0
DA:177,0
DA:178,0
DA:180,0
DA:181,0
DA:184,0
DA:185,0
DA:188,0
DA:190,0
LF:86
LH:22
BRDA:20,0,0,0
BRDA:24,1,0,0
BRDA:53,2,0,0
BRDA:57,3,0,0
BRDA:86,4,0,0
BRDA:90,5,0,0
BRDA:94,6,0,0
BRDA:124,7,0,0
BRDA:128,8,0,0
BRDA:132,9,0,0
BRDA:138,10,0,0
BRDA:143,11,0,0
BRDA:143,11,1,0
BRDA:165,12,0,0
BRDA:165,12,1,0
BRDA:166,13,0,0
BRDA:166,13,1,0
BRDA:174,14,0,0
BRDA:174,14,1,0
BRDA:175,15,0,0
BRDA:175,15,1,0
BRDA:185,16,0,0
BRDA:185,16,1,0
BRF:23
BRH:0
end_of_record
TN:
SF:src/business/UserBusiness.ts
FN:12,(anonymous_7)
FN:19,(anonymous_8)
FN:19,(anonymous_9)
FN:62,(anonymous_10)
FN:62,(anonymous_11)
FNF:5
FNH:5
FNDA:2,(anonymous_7)
FNDA:1,(anonymous_8)
FNDA:1,(anonymous_9)
FNDA:2,(anonymous_10)
FNDA:2,(anonymous_11)
DA:3,2
DA:4,2
DA:5,2
DA:9,2
DA:11,2
DA:13,2
DA:14,2
DA:15,2
DA:16,2
DA:19,2
DA:20,1
DA:22,1
DA:23,0
DA:25,1
DA:26,0
DA:28,1
DA:29,0
DA:32,1
DA:34,1
DA:43,1
DA:45,1
DA:47,1
DA:49,1
DA:54,1
DA:55,1
DA:59,1
DA:62,2
DA:63,2
DA:65,2
DA:66,0
DA:68,2
DA:69,0
DA:72,2
DA:74,2
DA:75,0
DA:78,2
DA:87,2
DA:89,2
DA:90,0
DA:93,2
DA:98,2
DA:100,2
DA:104,2
LF:43
LH:36
BRDA:22,0,0,0
BRDA:25,1,0,0
BRDA:28,2,0,0
BRDA:65,3,0,0
BRDA:68,4,0,0
BRDA:74,5,0,0
BRDA:89,6,0,0
BRF:7
BRH:0
end_of_record
TN:
SF:src/database/BaseDatabase.ts
FN:16,(anonymous_1)
FNF:1
FNH:0
FNDA:0,(anonymous_1)
DA:1,3
DA:2,3
DA:4,3
DA:6,3
DA:7,3
DA:17,0
LF:6
LH:5
BRF:0
BRH:0
end_of_record
TN:
SF:src/errors/BadRequestError.ts
FN:4,(anonymous_0)
FNF:1
FNH:0
FNDA:0,(anonymous_0)
DA:1,3
DA:3,3
DA:7,0
LF:3
LH:2
BRDA:5,0,0,0
BRF:1
BRH:0
end_of_record
TN:
SF:src/errors/BaseError.ts
FN:2,(anonymous_0)
FNF:1
FNH:0
FNDA:0,(anonymous_0)
DA:1,3
DA:3,0
DA:6,0
LF:3
LH:1
BRF:0
BRH:0
end_of_record
TN:
SF:src/errors/NotFoundError.ts
FN:4,(anonymous_0)
FNF:1
FNH:0
FNDA:0,(anonymous_0)
DA:1,3
DA:3,3
DA:7,0
LF:3
LH:2
BRDA:5,0,0,0
BRF:1
BRH:0
end_of_record
TN:
SF:src/models/Post.ts
FN:5,(anonymous_0)
FN:16,(anonymous_1)
FN:19,(anonymous_2)
FN:22,(anonymous_3)
FN:25,(anonymous_4)
FN:28,(anonymous_5)
FN:31,(anonymous_6)
FN:34,(anonymous_7)
FN:37,(anonymous_8)
FN:40,(anonymous_9)
FN:43,(anonymous_10)
FN:46,(anonymous_11)
FN:49,(anonymous_12)
FN:52,(anonymous_13)
FN:55,(anonymous_14)
FN:58,(anonymous_15)
FN:61,(anonymous_16)
FN:64,(anonymous_17)
FN:67,(anonymous_18)
FN:70,(anonymous_19)
FN:73,(anonymous_20)
FN:76,(anonymous_21)
FN:79,(anonymous_22)
FN:82,(anonymous_23)
FN:86,(anonymous_24)
FN:102,(anonymous_25)
FNF:26
FNH:2
FNDA:1,(anonymous_0)
FNDA:0,(anonymous_1)
FNDA:0,(anonymous_2)
FNDA:0,(anonymous_3)
FNDA:0,(anonymous_4)
FNDA:0,(anonymous_5)
FNDA:0,(anonymous_6)
FNDA:0,(anonymous_7)
FNDA:0,(anonymous_8)
FNDA:0,(anonymous_9)
FNDA:0,(anonymous_10)
FNDA:0,(anonymous_11)
FNDA:0,(anonymous_12)
FNDA:0,(anonymous_13)
FNDA:0,(anonymous_14)
FNDA:0,(anonymous_15)
FNDA:0,(anonymous_16)
FNDA:0,(anonymous_17)
FNDA:0,(anonymous_18)
FNDA:0,(anonymous_19)
FNDA:0,(anonymous_20)
FNDA:0,(anonymous_21)
FNDA:0,(anonymous_22)
FNDA:0,(anonymous_23)
FNDA:1,(anonymous_24)
FNDA:0,(anonymous_25)
DA:3,1
DA:6,1
DA:7,1
DA:8,1
DA:9,1
DA:10,1
DA:11,1
DA:12,1
DA:13,1
DA:14,1
DA:17,0
DA:20,0
DA:23,0
DA:26,0
DA:29,0
DA:32,0
DA:35,0
DA:38,0
DA:41,0
DA:44,0
DA:47,0
DA:50,0
DA:53,0
DA:56,0
DA:59,0
DA:62,0
DA:65,0
DA:68,0
DA:71,0
DA:74,0
DA:77,0
DA:80,0
DA:83,0
DA:87,1
DA:103,0
LF:35
LH:11
BRF:0
BRH:0
end_of_record
TN:
SF:src/models/User.ts
FN:5,(anonymous_0)
FN:14,(anonymous_1)
FN:17,(anonymous_2)
FN:20,(anonymous_3)
FN:23,(anonymous_4)
FN:26,(anonymous_5)
FN:29,(anonymous_6)
FN:32,(anonymous_7)
FN:35,(anonymous_8)
FN:38,(anonymous_9)
FN:41,(anonymous_10)
FN:44,(anonymous_11)
FN:47,(anonymous_12)
FN:50,(anonymous_13)
FNF:14
FNH:6
FNDA:3,(anonymous_0)
FNDA:3,(anonymous_1)
FNDA:0,(anonymous_2)
FNDA:3,(anonymous_3)
FNDA:0,(anonymous_4)
FNDA:0,(anonymous_5)
FNDA:0,(anonymous_6)
FNDA:2,(anonymous_7)
FNDA:0,(anonymous_8)
FNDA:3,(anonymous_9)
FNDA:0,(anonymous_10)
FNDA:0,(anonymous_11)
FNDA:0,(anonymous_12)
FNDA:1,(anonymous_13)
DA:3,2
DA:6,3
DA:7,3
DA:8,3
DA:9,3
DA:10,3
DA:11,3
DA:15,3
DA:18,0
DA:21,3
DA:24,0
DA:27,0
DA:30,0
DA:33,2
DA:36,0
DA:39,3
DA:42,0
DA:45,0
DA:48,0
DA:51,1
LF:20
LH:12
BRF:0
BRH:0
end_of_record
TN:
SF:tests/Mocks/HashManagerMock.ts
FN:1,(anonymous_7)
FN:2,(anonymous_8)
FN:2,(anonymous_9)
FN:10,(anonymous_10)
FN:10,(anonymous_11)
FNF:5
FNH:5
FNDA:2,(anonymous_7)
FNDA:1,(anonymous_8)
FNDA:1,(anonymous_9)
FNDA:2,(anonymous_10)
FNDA:2,(anonymous_11)
DA:1,2
DA:2,2
DA:3,1
DA:4,0
DA:7,1
DA:10,2
DA:11,2
DA:12,2
DA:14,0
LF:9
LH:7
BRDA:3,0,0,0
BRDA:11,1,0,2
BRDA:11,2,0,2
BRDA:11,2,1,2
BRF:4
BRH:3
end_of_record
TN:
SF:tests/Mocks/IdGeneratorMock.ts
FN:1,(anonymous_0)
FN:2,(anonymous_1)
FNF:2
FNH:2
FNDA:3,(anonymous_0)
FNDA:1,(anonymous_1)
DA:1,3
DA:2,3
DA:3,1
LF:3
LH:3
BRF:0
BRH:0
end_of_record
TN:
SF:tests/Mocks/PostDatabaseMock.ts
FN:44,(anonymous_7)
FN:49,(anonymous_8)
FN:49,(anonymous_9)
FN:53,(anonymous_10)
FN:53,(anonymous_11)
FN:57,(anonymous_12)
FN:57,(anonymous_13)
FN:59,(anonymous_14)
FN:63,(anonymous_15)
FN:63,(anonymous_16)
FN:65,(anonymous_17)
FN:69,(anonymous_18)
FN:70,(anonymous_19)
FN:80,(anonymous_20)
FN:80,(anonymous_21)
FN:84,(anonymous_22)
FN:84,(anonymous_23)
FN:88,(anonymous_24)
FN:88,(anonymous_25)
FN:92,(anonymous_26)
FN:92,(anonymous_27)
FN:96,(anonymous_28)
FN:96,(anonymous_29)
FN:97,(anonymous_30)
FNF:24
FNH:3
FNDA:1,(anonymous_7)
FNDA:1,(anonymous_8)
FNDA:1,(anonymous_9)
FNDA:0,(anonymous_10)
FNDA:0,(anonymous_11)
FNDA:0,(anonymous_12)
FNDA:0,(anonymous_13)
FNDA:0,(anonymous_14)
FNDA:0,(anonymous_15)
FNDA:0,(anonymous_16)
FNDA:0,(anonymous_17)
FNDA:0,(anonymous_18)
FNDA:0,(anonymous_19)
FNDA:0,(anonymous_20)
FNDA:0,(anonymous_21)
FNDA:0,(anonymous_22)
FNDA:0,(anonymous_23)
FNDA:0,(anonymous_24)
FNDA:0,(anonymous_25)
FNDA:0,(anonymous_26)
FNDA:0,(anonymous_27)
FNDA:0,(anonymous_28)
FNDA:0,(anonymous_29)
FNDA:0,(anonymous_30)
DA:1,1
DA:2,1
DA:4,1
DA:17,1
DA:31,1
DA:37,1
DA:44,1
DA:45,1
DA:46,1
DA:47,1
DA:49,1
DA:50,1
DA:53,1
DA:57,1
DA:58,0
DA:59,0
DA:63,1
DA:64,0
DA:65,0
DA:69,1
DA:70,0
DA:71,0
DA:72,0
DA:73,0
DA:74,0
DA:76,0
DA:80,1
DA:84,1
DA:88,1
DA:92,1
DA:96,1
DA:97,0
LF:32
LH:21
BRDA:58,0,0,0
BRDA:64,1,0,0
BRDA:71,2,0,0
BRDA:71,2,1,0
BRDA:73,3,0,0
BRDA:73,3,1,0
BRF:6
BRH:0
end_of_record
TN:
SF:tests/Mocks/TokenManagerMock.ts
FN:3,(anonymous_0)
FN:5,(anonymous_1)
FN:13,(anonymous_2)
FNF:3
FNH:3
FNDA:3,(anonymous_0)
FNDA:3,(anonymous_1)
FNDA:1,(anonymous_2)
DA:1,3
DA:3,3
DA:5,3
DA:6,3
DA:7,2
DA:9,1
DA:13,3
DA:14,1
DA:15,1
DA:20,0
DA:21,0
DA:27,0
LF:12
LH:9
BRDA:6,0,0,2
BRDA:6,0,1,1
BRDA:14,1,0,1
BRDA:14,1,1,0
BRDA:20,2,0,0
BRDA:20,2,1,0
BRF:6
BRH:3
end_of_record
TN:
SF:tests/Mocks/UserDatabaseMock.ts
FN:4,(anonymous_7)
FN:7,(anonymous_8)
FN:7,(anonymous_9)
FN:11,(anonymous_10)
FN:11,(anonymous_11)
FNF:5
FNH:5
FNDA:2,(anonymous_7)
FNDA:1,(anonymous_8)
FNDA:1,(anonymous_9)
FNDA:2,(anonymous_10)
FNDA:2,(anonymous_11)
DA:1,2
DA:2,2
DA:4,2
DA:5,2
DA:7,2
DA:11,2
DA:12,2
DA:14,1
DA:24,1
DA:34,0
LF:10
LH:9
BRDA:12,0,0,1
BRDA:12,0,1,1
BRDA:12,0,2,0
BRF:3
BRH:2
end_of_record
